2025-11-04 16:31:21.290 Hail: WARN: This Hail JAR was compiled for Spark 3.5.0, running with Spark 3.5.7.
  Compatibility is not guaranteed.
2025-11-04 16:31:21.294 SparkContext: INFO: Running Spark version 3.5.7
2025-11-04 16:31:21.294 SparkContext: INFO: OS info Linux, 6.16.3-76061603-generic, amd64
2025-11-04 16:31:21.294 SparkContext: INFO: Java version 17.0.16
2025-11-04 16:31:21.309 ResourceUtils: INFO: ==============================================================
2025-11-04 16:31:21.309 ResourceUtils: INFO: No custom resources configured for spark.driver.
2025-11-04 16:31:21.309 ResourceUtils: INFO: ==============================================================
2025-11-04 16:31:21.309 SparkContext: INFO: Submitted application: Hail
2025-11-04 16:31:21.311 SparkContext: INFO: Spark configuration:
spark.app.name=Hail
spark.app.startTime=1762284681294
spark.app.submitTime=1762284681074
spark.driver.extraClassPath=/home/matheus/.pyenv/versions/3.12.0/lib/python3.12/site-packages/hail/backend/hail-all-spark.jar
spark.driver.extraJavaOptions=-Djava.net.preferIPv6Addresses=false -XX:+IgnoreUnrecognizedVMOptions --add-opens=java.base/java.lang=ALL-UNNAMED --add-opens=java.base/java.lang.invoke=ALL-UNNAMED --add-opens=java.base/java.lang.reflect=ALL-UNNAMED --add-opens=java.base/java.io=ALL-UNNAMED --add-opens=java.base/java.net=ALL-UNNAMED --add-opens=java.base/java.nio=ALL-UNNAMED --add-opens=java.base/java.util=ALL-UNNAMED --add-opens=java.base/java.util.concurrent=ALL-UNNAMED --add-opens=java.base/java.util.concurrent.atomic=ALL-UNNAMED --add-opens=java.base/jdk.internal.ref=ALL-UNNAMED --add-opens=java.base/sun.nio.ch=ALL-UNNAMED --add-opens=java.base/sun.nio.cs=ALL-UNNAMED --add-opens=java.base/sun.security.action=ALL-UNNAMED --add-opens=java.base/sun.util.calendar=ALL-UNNAMED --add-opens=java.security.jgss/sun.security.krb5=ALL-UNNAMED -Djdk.reflect.useDirectMethodHandle=false
spark.driver.maxResultSize=0
spark.executor.extraClassPath=./hail-all-spark.jar
spark.executor.extraJavaOptions=-Djava.net.preferIPv6Addresses=false -XX:+IgnoreUnrecognizedVMOptions --add-opens=java.base/java.lang=ALL-UNNAMED --add-opens=java.base/java.lang.invoke=ALL-UNNAMED --add-opens=java.base/java.lang.reflect=ALL-UNNAMED --add-opens=java.base/java.io=ALL-UNNAMED --add-opens=java.base/java.net=ALL-UNNAMED --add-opens=java.base/java.nio=ALL-UNNAMED --add-opens=java.base/java.util=ALL-UNNAMED --add-opens=java.base/java.util.concurrent=ALL-UNNAMED --add-opens=java.base/java.util.concurrent.atomic=ALL-UNNAMED --add-opens=java.base/jdk.internal.ref=ALL-UNNAMED --add-opens=java.base/sun.nio.ch=ALL-UNNAMED --add-opens=java.base/sun.nio.cs=ALL-UNNAMED --add-opens=java.base/sun.security.action=ALL-UNNAMED --add-opens=java.base/sun.util.calendar=ALL-UNNAMED --add-opens=java.security.jgss/sun.security.krb5=ALL-UNNAMED -Djdk.reflect.useDirectMethodHandle=false
spark.hadoop.io.compression.codecs=org.apache.hadoop.io.compress.DefaultCodec,is.hail.io.compress.BGzipCodec,is.hail.io.compress.BGzipCodecTbi,org.apache.hadoop.io.compress.GzipCodec
spark.hadoop.mapreduce.input.fileinputformat.split.minsize=0
spark.jars=file:///home/matheus/.pyenv/versions/3.12.0/lib/python3.12/site-packages/hail/backend/hail-all-spark.jar
spark.kryo.registrator=is.hail.kryo.HailKryoRegistrator
spark.kryoserializer.buffer.max=1g
spark.logConf=true
spark.master=local[8]
spark.repl.local.jars=file:///home/matheus/.pyenv/versions/3.12.0/lib/python3.12/site-packages/hail/backend/hail-all-spark.jar
spark.serializer=org.apache.spark.serializer.KryoSerializer
spark.submit.deployMode=client
spark.submit.pyFiles=
spark.ui.showConsoleProgress=false
2025-11-04 16:31:21.321 ResourceProfile: INFO: Default ResourceProfile created, executor resources: Map(cores -> name: cores, amount: 1, script: , vendor: , memory -> name: memory, amount: 1024, script: , vendor: , offHeap -> name: offHeap, amount: 0, script: , vendor: ), task resources: Map(cpus -> name: cpus, amount: 1.0)
2025-11-04 16:31:21.326 ResourceProfile: INFO: Limiting resource is cpu
2025-11-04 16:31:21.326 ResourceProfileManager: INFO: Added ResourceProfile id: 0
2025-11-04 16:31:21.353 SecurityManager: INFO: Changing view acls to: matheus
2025-11-04 16:31:21.353 SecurityManager: INFO: Changing modify acls to: matheus
2025-11-04 16:31:21.353 SecurityManager: INFO: Changing view acls groups to: 
2025-11-04 16:31:21.354 SecurityManager: INFO: Changing modify acls groups to: 
2025-11-04 16:31:21.354 SecurityManager: INFO: SecurityManager: authentication disabled; ui acls disabled; users with view permissions: matheus; groups with view permissions: EMPTY; users with modify permissions: matheus; groups with modify permissions: EMPTY
2025-11-04 16:31:21.458 Utils: INFO: Successfully started service 'sparkDriver' on port 40453.
2025-11-04 16:31:21.473 SparkEnv: INFO: Registering MapOutputTracker
2025-11-04 16:31:21.492 SparkEnv: INFO: Registering BlockManagerMaster
2025-11-04 16:31:21.502 BlockManagerMasterEndpoint: INFO: Using org.apache.spark.storage.DefaultTopologyMapper for getting topology information
2025-11-04 16:31:21.502 BlockManagerMasterEndpoint: INFO: BlockManagerMasterEndpoint up
2025-11-04 16:31:21.505 SparkEnv: INFO: Registering BlockManagerMasterHeartbeat
2025-11-04 16:31:21.516 DiskBlockManager: INFO: Created local directory at /tmp/blockmgr-61012aa5-4bed-4f61-a174-70345a5a59b8
2025-11-04 16:31:21.524 MemoryStore: INFO: MemoryStore started with capacity 434.4 MiB
2025-11-04 16:31:21.533 SparkEnv: INFO: Registering OutputCommitCoordinator
2025-11-04 16:31:21.560 log: INFO: Logging initialized @1789ms to org.sparkproject.jetty.util.log.Slf4jLog
2025-11-04 16:31:21.601 JettyUtils: INFO: Start Jetty 0.0.0.0:4040 for SparkUI
2025-11-04 16:31:21.606 Server: INFO: jetty-9.4.58.v20250814; built: 2025-08-14T02:28:49.637Z; git: 8f1440587e9e4ae7db3d74cf205643f3d707148d; jvm 17.0.16+8-Ubuntu-0ubuntu122.04.1
2025-11-04 16:31:21.614 Server: INFO: Started @1843ms
2025-11-04 16:31:21.625 Utils: WARN: Service 'SparkUI' could not bind on port 4040. Attempting port 4041.
2025-11-04 16:31:21.629 AbstractConnector: INFO: Started ServerConnector@6281a08a{HTTP/1.1, (http/1.1)}{0.0.0.0:4041}
2025-11-04 16:31:21.629 Utils: INFO: Successfully started service 'SparkUI' on port 4041.
2025-11-04 16:31:21.639 ContextHandler: INFO: Started o.s.j.s.ServletContextHandler@4c912b95{/,null,AVAILABLE,@Spark}
2025-11-04 16:31:21.648 SparkContext: INFO: Added JAR file:///home/matheus/.pyenv/versions/3.12.0/lib/python3.12/site-packages/hail/backend/hail-all-spark.jar at spark://pimenta:40453/jars/hail-all-spark.jar with timestamp 1762284681294
2025-11-04 16:31:21.678 Executor: INFO: Starting executor ID driver on host pimenta
2025-11-04 16:31:21.679 Executor: INFO: OS info Linux, 6.16.3-76061603-generic, amd64
2025-11-04 16:31:21.679 Executor: INFO: Java version 17.0.16
2025-11-04 16:31:21.682 Executor: INFO: Starting executor with user classpath (userClassPathFirst = false): 'file:/home/matheus/Documents/gnomeAD-tb/./hail-all-spark.jar,file:/home/matheus/Documents/gnomeAD-tb/hail-all-spark.jar'
2025-11-04 16:31:21.682 Executor: INFO: Created or updated repl class loader org.apache.spark.util.MutableURLClassLoader@6f743faa for default.
2025-11-04 16:31:21.693 Utils: INFO: Successfully started service 'org.apache.spark.network.netty.NettyBlockTransferService' on port 39701.
2025-11-04 16:31:21.693 NettyBlockTransferService: INFO: Server created on pimenta:39701
2025-11-04 16:31:21.694 BlockManager: INFO: Using org.apache.spark.storage.RandomBlockReplicationPolicy for block replication policy
2025-11-04 16:31:21.698 BlockManagerMaster: INFO: Registering BlockManager BlockManagerId(driver, pimenta, 39701, None)
2025-11-04 16:31:21.700 BlockManagerMasterEndpoint: INFO: Registering block manager pimenta:39701 with 434.4 MiB RAM, BlockManagerId(driver, pimenta, 39701, None)
2025-11-04 16:31:21.701 BlockManagerMaster: INFO: Registered BlockManager BlockManagerId(driver, pimenta, 39701, None)
2025-11-04 16:31:21.702 BlockManager: INFO: Initialized BlockManager: BlockManagerId(driver, pimenta, 39701, None)
2025-11-04 16:31:21.773 ContextHandler: INFO: Stopped o.s.j.s.ServletContextHandler@4c912b95{/,null,STOPPED,@Spark}
2025-11-04 16:31:21.774 ContextHandler: INFO: Started o.s.j.s.ServletContextHandler@66427d88{/jobs,null,AVAILABLE,@Spark}
2025-11-04 16:31:21.775 ContextHandler: INFO: Started o.s.j.s.ServletContextHandler@c6c53dc{/jobs/json,null,AVAILABLE,@Spark}
2025-11-04 16:31:21.776 ContextHandler: INFO: Started o.s.j.s.ServletContextHandler@4cb2030e{/jobs/job,null,AVAILABLE,@Spark}
2025-11-04 16:31:21.776 ContextHandler: INFO: Started o.s.j.s.ServletContextHandler@654fcbbc{/jobs/job/json,null,AVAILABLE,@Spark}
2025-11-04 16:31:21.777 ContextHandler: INFO: Started o.s.j.s.ServletContextHandler@6976610a{/stages,null,AVAILABLE,@Spark}
2025-11-04 16:31:21.777 ContextHandler: INFO: Started o.s.j.s.ServletContextHandler@7ed1a3e{/stages/json,null,AVAILABLE,@Spark}
2025-11-04 16:31:21.778 ContextHandler: INFO: Started o.s.j.s.ServletContextHandler@4716c16b{/stages/stage,null,AVAILABLE,@Spark}
2025-11-04 16:31:21.779 ContextHandler: INFO: Started o.s.j.s.ServletContextHandler@3652454d{/stages/stage/json,null,AVAILABLE,@Spark}
2025-11-04 16:31:21.779 ContextHandler: INFO: Started o.s.j.s.ServletContextHandler@28aa8a76{/stages/pool,null,AVAILABLE,@Spark}
2025-11-04 16:31:21.780 ContextHandler: INFO: Started o.s.j.s.ServletContextHandler@bdc61fa{/stages/pool/json,null,AVAILABLE,@Spark}
2025-11-04 16:31:21.780 ContextHandler: INFO: Started o.s.j.s.ServletContextHandler@1e5b21cf{/storage,null,AVAILABLE,@Spark}
2025-11-04 16:31:21.781 ContextHandler: INFO: Started o.s.j.s.ServletContextHandler@58452c4b{/storage/json,null,AVAILABLE,@Spark}
2025-11-04 16:31:21.781 ContextHandler: INFO: Started o.s.j.s.ServletContextHandler@a6a341c{/storage/rdd,null,AVAILABLE,@Spark}
2025-11-04 16:31:21.782 ContextHandler: INFO: Started o.s.j.s.ServletContextHandler@39407143{/storage/rdd/json,null,AVAILABLE,@Spark}
2025-11-04 16:31:21.782 ContextHandler: INFO: Started o.s.j.s.ServletContextHandler@6e2c16a8{/environment,null,AVAILABLE,@Spark}
2025-11-04 16:31:21.782 ContextHandler: INFO: Started o.s.j.s.ServletContextHandler@2de8bc81{/environment/json,null,AVAILABLE,@Spark}
2025-11-04 16:31:21.783 ContextHandler: INFO: Started o.s.j.s.ServletContextHandler@7e6915bc{/executors,null,AVAILABLE,@Spark}
2025-11-04 16:31:21.783 ContextHandler: INFO: Started o.s.j.s.ServletContextHandler@41281878{/executors/json,null,AVAILABLE,@Spark}
2025-11-04 16:31:21.784 ContextHandler: INFO: Started o.s.j.s.ServletContextHandler@7180d99b{/executors/threadDump,null,AVAILABLE,@Spark}
2025-11-04 16:31:21.784 ContextHandler: INFO: Started o.s.j.s.ServletContextHandler@3c41015f{/executors/threadDump/json,null,AVAILABLE,@Spark}
2025-11-04 16:31:21.785 ContextHandler: INFO: Started o.s.j.s.ServletContextHandler@1bd9256d{/executors/heapHistogram,null,AVAILABLE,@Spark}
2025-11-04 16:31:21.785 ContextHandler: INFO: Started o.s.j.s.ServletContextHandler@4b437f78{/executors/heapHistogram/json,null,AVAILABLE,@Spark}
2025-11-04 16:31:21.789 ContextHandler: INFO: Started o.s.j.s.ServletContextHandler@66d53b78{/static,null,AVAILABLE,@Spark}
2025-11-04 16:31:21.790 ContextHandler: INFO: Started o.s.j.s.ServletContextHandler@7091301e{/,null,AVAILABLE,@Spark}
2025-11-04 16:31:21.791 ContextHandler: INFO: Started o.s.j.s.ServletContextHandler@57777cfa{/api,null,AVAILABLE,@Spark}
2025-11-04 16:31:21.792 ContextHandler: INFO: Started o.s.j.s.ServletContextHandler@1096699d{/jobs/job/kill,null,AVAILABLE,@Spark}
2025-11-04 16:31:21.792 ContextHandler: INFO: Started o.s.j.s.ServletContextHandler@3f66f260{/stages/stage/kill,null,AVAILABLE,@Spark}
2025-11-04 16:31:21.795 ContextHandler: INFO: Started o.s.j.s.ServletContextHandler@3dc2fc03{/metrics/json,null,AVAILABLE,@Spark}
2025-11-04 16:31:21.800 Hail: INFO: SparkUI: http://pimenta:4041
2025-11-04 16:31:21.802 Hail: WARN: Hail is tested against Java 11, found 17.0.16
2025-11-04 16:31:21.883 Hail: INFO: Running Hail version 0.2.136-c32f88309ab0
2025-11-04 16:31:21.920 SparkContext: WARN: Using an existing SparkContext; some configuration may not take effect.
2025-11-04 16:35:08.244 SparkContext: INFO: Invoking stop() from shutdown hook
2025-11-04 16:35:08.245 SparkContext: INFO: SparkContext is stopping with exitCode 0.
2025-11-04 16:35:08.249 AbstractConnector: INFO: Stopped Spark@6281a08a{HTTP/1.1, (http/1.1)}{0.0.0.0:4041}
2025-11-04 16:35:08.253 SparkUI: INFO: Stopped Spark web UI at http://pimenta:4041
2025-11-04 16:35:08.265 MapOutputTrackerMasterEndpoint: INFO: MapOutputTrackerMasterEndpoint stopped!
2025-11-04 16:35:08.274 MemoryStore: INFO: MemoryStore cleared
2025-11-04 16:35:08.274 BlockManager: INFO: BlockManager stopped
2025-11-04 16:35:08.278 BlockManagerMaster: INFO: BlockManagerMaster stopped
2025-11-04 16:35:08.280 OutputCommitCoordinator$OutputCommitCoordinatorEndpoint: INFO: OutputCommitCoordinator stopped!
2025-11-04 16:35:08.285 SparkContext: INFO: Successfully stopped SparkContext
