2025-11-04 16:29:34.412 Hail: WARN: This Hail JAR was compiled for Spark 3.5.0, running with Spark 3.5.7.
  Compatibility is not guaranteed.
2025-11-04 16:29:34.415 SparkContext: INFO: Running Spark version 3.5.7
2025-11-04 16:29:34.416 SparkContext: INFO: OS info Linux, 6.16.3-76061603-generic, amd64
2025-11-04 16:29:34.416 SparkContext: INFO: Java version 17.0.16
2025-11-04 16:29:34.438 ResourceUtils: INFO: ==============================================================
2025-11-04 16:29:34.438 ResourceUtils: INFO: No custom resources configured for spark.driver.
2025-11-04 16:29:34.438 ResourceUtils: INFO: ==============================================================
2025-11-04 16:29:34.439 SparkContext: INFO: Submitted application: Hail
2025-11-04 16:29:34.442 SparkContext: INFO: Spark configuration:
spark.app.name=Hail
spark.app.startTime=1762284574415
spark.app.submitTime=1762284574294
spark.driver.extraClassPath=/home/matheus/.pyenv/versions/3.12.0/lib/python3.12/site-packages/hail/backend/hail-all-spark.jar
spark.driver.extraJavaOptions=-Djava.net.preferIPv6Addresses=false -XX:+IgnoreUnrecognizedVMOptions --add-opens=java.base/java.lang=ALL-UNNAMED --add-opens=java.base/java.lang.invoke=ALL-UNNAMED --add-opens=java.base/java.lang.reflect=ALL-UNNAMED --add-opens=java.base/java.io=ALL-UNNAMED --add-opens=java.base/java.net=ALL-UNNAMED --add-opens=java.base/java.nio=ALL-UNNAMED --add-opens=java.base/java.util=ALL-UNNAMED --add-opens=java.base/java.util.concurrent=ALL-UNNAMED --add-opens=java.base/java.util.concurrent.atomic=ALL-UNNAMED --add-opens=java.base/jdk.internal.ref=ALL-UNNAMED --add-opens=java.base/sun.nio.ch=ALL-UNNAMED --add-opens=java.base/sun.nio.cs=ALL-UNNAMED --add-opens=java.base/sun.security.action=ALL-UNNAMED --add-opens=java.base/sun.util.calendar=ALL-UNNAMED --add-opens=java.security.jgss/sun.security.krb5=ALL-UNNAMED -Djdk.reflect.useDirectMethodHandle=false
spark.driver.maxResultSize=0
spark.executor.extraClassPath=./hail-all-spark.jar
spark.executor.extraJavaOptions=-Djava.net.preferIPv6Addresses=false -XX:+IgnoreUnrecognizedVMOptions --add-opens=java.base/java.lang=ALL-UNNAMED --add-opens=java.base/java.lang.invoke=ALL-UNNAMED --add-opens=java.base/java.lang.reflect=ALL-UNNAMED --add-opens=java.base/java.io=ALL-UNNAMED --add-opens=java.base/java.net=ALL-UNNAMED --add-opens=java.base/java.nio=ALL-UNNAMED --add-opens=java.base/java.util=ALL-UNNAMED --add-opens=java.base/java.util.concurrent=ALL-UNNAMED --add-opens=java.base/java.util.concurrent.atomic=ALL-UNNAMED --add-opens=java.base/jdk.internal.ref=ALL-UNNAMED --add-opens=java.base/sun.nio.ch=ALL-UNNAMED --add-opens=java.base/sun.nio.cs=ALL-UNNAMED --add-opens=java.base/sun.security.action=ALL-UNNAMED --add-opens=java.base/sun.util.calendar=ALL-UNNAMED --add-opens=java.security.jgss/sun.security.krb5=ALL-UNNAMED -Djdk.reflect.useDirectMethodHandle=false
spark.hadoop.io.compression.codecs=org.apache.hadoop.io.compress.DefaultCodec,is.hail.io.compress.BGzipCodec,is.hail.io.compress.BGzipCodecTbi,org.apache.hadoop.io.compress.GzipCodec
spark.hadoop.mapreduce.input.fileinputformat.split.minsize=0
spark.jars=file:///home/matheus/.pyenv/versions/3.12.0/lib/python3.12/site-packages/hail/backend/hail-all-spark.jar
spark.kryo.registrator=is.hail.kryo.HailKryoRegistrator
spark.kryoserializer.buffer.max=1g
spark.logConf=true
spark.master=local[8]
spark.repl.local.jars=file:///home/matheus/.pyenv/versions/3.12.0/lib/python3.12/site-packages/hail/backend/hail-all-spark.jar
spark.serializer=org.apache.spark.serializer.KryoSerializer
spark.submit.deployMode=client
spark.submit.pyFiles=
spark.ui.showConsoleProgress=false
2025-11-04 16:29:34.461 ResourceProfile: INFO: Default ResourceProfile created, executor resources: Map(cores -> name: cores, amount: 1, script: , vendor: , memory -> name: memory, amount: 1024, script: , vendor: , offHeap -> name: offHeap, amount: 0, script: , vendor: ), task resources: Map(cpus -> name: cpus, amount: 1.0)
2025-11-04 16:29:34.469 ResourceProfile: INFO: Limiting resource is cpu
2025-11-04 16:29:34.470 ResourceProfileManager: INFO: Added ResourceProfile id: 0
2025-11-04 16:29:34.499 SecurityManager: INFO: Changing view acls to: matheus
2025-11-04 16:29:34.499 SecurityManager: INFO: Changing modify acls to: matheus
2025-11-04 16:29:34.500 SecurityManager: INFO: Changing view acls groups to: 
2025-11-04 16:29:34.500 SecurityManager: INFO: Changing modify acls groups to: 
2025-11-04 16:29:34.500 SecurityManager: INFO: SecurityManager: authentication disabled; ui acls disabled; users with view permissions: matheus; groups with view permissions: EMPTY; users with modify permissions: matheus; groups with modify permissions: EMPTY
2025-11-04 16:29:34.620 Utils: INFO: Successfully started service 'sparkDriver' on port 44717.
2025-11-04 16:29:34.636 SparkEnv: INFO: Registering MapOutputTracker
2025-11-04 16:29:34.655 SparkEnv: INFO: Registering BlockManagerMaster
2025-11-04 16:29:34.665 BlockManagerMasterEndpoint: INFO: Using org.apache.spark.storage.DefaultTopologyMapper for getting topology information
2025-11-04 16:29:34.666 BlockManagerMasterEndpoint: INFO: BlockManagerMasterEndpoint up
2025-11-04 16:29:34.668 SparkEnv: INFO: Registering BlockManagerMasterHeartbeat
2025-11-04 16:29:34.679 DiskBlockManager: INFO: Created local directory at /tmp/blockmgr-0c3f947e-edf7-484d-9982-227df2d911f2
2025-11-04 16:29:34.690 MemoryStore: INFO: MemoryStore started with capacity 434.4 MiB
2025-11-04 16:29:34.702 SparkEnv: INFO: Registering OutputCommitCoordinator
2025-11-04 16:29:34.720 log: INFO: Logging initialized @1541ms to org.sparkproject.jetty.util.log.Slf4jLog
2025-11-04 16:29:34.766 JettyUtils: INFO: Start Jetty 0.0.0.0:4040 for SparkUI
2025-11-04 16:29:34.771 Server: INFO: jetty-9.4.58.v20250814; built: 2025-08-14T02:28:49.637Z; git: 8f1440587e9e4ae7db3d74cf205643f3d707148d; jvm 17.0.16+8-Ubuntu-0ubuntu122.04.1
2025-11-04 16:29:34.778 Server: INFO: Started @1599ms
2025-11-04 16:29:34.789 Utils: WARN: Service 'SparkUI' could not bind on port 4040. Attempting port 4041.
2025-11-04 16:29:34.793 AbstractConnector: INFO: Started ServerConnector@6afee0bc{HTTP/1.1, (http/1.1)}{0.0.0.0:4041}
2025-11-04 16:29:34.793 Utils: INFO: Successfully started service 'SparkUI' on port 4041.
2025-11-04 16:29:34.802 ContextHandler: INFO: Started o.s.j.s.ServletContextHandler@fea0d68{/,null,AVAILABLE,@Spark}
2025-11-04 16:29:34.811 SparkContext: INFO: Added JAR file:///home/matheus/.pyenv/versions/3.12.0/lib/python3.12/site-packages/hail/backend/hail-all-spark.jar at spark://pimenta:44717/jars/hail-all-spark.jar with timestamp 1762284574415
2025-11-04 16:29:34.841 Executor: INFO: Starting executor ID driver on host pimenta
2025-11-04 16:29:34.841 Executor: INFO: OS info Linux, 6.16.3-76061603-generic, amd64
2025-11-04 16:29:34.841 Executor: INFO: Java version 17.0.16
2025-11-04 16:29:34.844 Executor: INFO: Starting executor with user classpath (userClassPathFirst = false): 'file:/home/matheus/Documents/gnomeAD-tb/./hail-all-spark.jar,file:/home/matheus/Documents/gnomeAD-tb/hail-all-spark.jar'
2025-11-04 16:29:34.845 Executor: INFO: Created or updated repl class loader org.apache.spark.util.MutableURLClassLoader@41cbdc09 for default.
2025-11-04 16:29:34.855 Utils: INFO: Successfully started service 'org.apache.spark.network.netty.NettyBlockTransferService' on port 45083.
2025-11-04 16:29:34.856 NettyBlockTransferService: INFO: Server created on pimenta:45083
2025-11-04 16:29:34.857 BlockManager: INFO: Using org.apache.spark.storage.RandomBlockReplicationPolicy for block replication policy
2025-11-04 16:29:34.860 BlockManagerMaster: INFO: Registering BlockManager BlockManagerId(driver, pimenta, 45083, None)
2025-11-04 16:29:34.862 BlockManagerMasterEndpoint: INFO: Registering block manager pimenta:45083 with 434.4 MiB RAM, BlockManagerId(driver, pimenta, 45083, None)
2025-11-04 16:29:34.864 BlockManagerMaster: INFO: Registered BlockManager BlockManagerId(driver, pimenta, 45083, None)
2025-11-04 16:29:34.864 BlockManager: INFO: Initialized BlockManager: BlockManagerId(driver, pimenta, 45083, None)
2025-11-04 16:29:34.932 ContextHandler: INFO: Stopped o.s.j.s.ServletContextHandler@fea0d68{/,null,STOPPED,@Spark}
2025-11-04 16:29:34.933 ContextHandler: INFO: Started o.s.j.s.ServletContextHandler@6af5ff44{/jobs,null,AVAILABLE,@Spark}
2025-11-04 16:29:34.933 ContextHandler: INFO: Started o.s.j.s.ServletContextHandler@123f1bb1{/jobs/json,null,AVAILABLE,@Spark}
2025-11-04 16:29:34.934 ContextHandler: INFO: Started o.s.j.s.ServletContextHandler@26ba6bba{/jobs/job,null,AVAILABLE,@Spark}
2025-11-04 16:29:34.934 ContextHandler: INFO: Started o.s.j.s.ServletContextHandler@3580aec7{/jobs/job/json,null,AVAILABLE,@Spark}
2025-11-04 16:29:34.935 ContextHandler: INFO: Started o.s.j.s.ServletContextHandler@1c642025{/stages,null,AVAILABLE,@Spark}
2025-11-04 16:29:34.935 ContextHandler: INFO: Started o.s.j.s.ServletContextHandler@37ab6a92{/stages/json,null,AVAILABLE,@Spark}
2025-11-04 16:29:34.936 ContextHandler: INFO: Started o.s.j.s.ServletContextHandler@2d35530a{/stages/stage,null,AVAILABLE,@Spark}
2025-11-04 16:29:34.936 ContextHandler: INFO: Started o.s.j.s.ServletContextHandler@59c615bc{/stages/stage/json,null,AVAILABLE,@Spark}
2025-11-04 16:29:34.937 ContextHandler: INFO: Started o.s.j.s.ServletContextHandler@2f80316a{/stages/pool,null,AVAILABLE,@Spark}
2025-11-04 16:29:34.937 ContextHandler: INFO: Started o.s.j.s.ServletContextHandler@625efec8{/stages/pool/json,null,AVAILABLE,@Spark}
2025-11-04 16:29:34.937 ContextHandler: INFO: Started o.s.j.s.ServletContextHandler@307e480f{/storage,null,AVAILABLE,@Spark}
2025-11-04 16:29:34.938 ContextHandler: INFO: Started o.s.j.s.ServletContextHandler@4df82135{/storage/json,null,AVAILABLE,@Spark}
2025-11-04 16:29:34.938 ContextHandler: INFO: Started o.s.j.s.ServletContextHandler@48963b6e{/storage/rdd,null,AVAILABLE,@Spark}
2025-11-04 16:29:34.938 ContextHandler: INFO: Started o.s.j.s.ServletContextHandler@35bd0ed7{/storage/rdd/json,null,AVAILABLE,@Spark}
2025-11-04 16:29:34.939 ContextHandler: INFO: Started o.s.j.s.ServletContextHandler@17181d48{/environment,null,AVAILABLE,@Spark}
2025-11-04 16:29:34.939 ContextHandler: INFO: Started o.s.j.s.ServletContextHandler@70fec45d{/environment/json,null,AVAILABLE,@Spark}
2025-11-04 16:29:34.940 ContextHandler: INFO: Started o.s.j.s.ServletContextHandler@294ca564{/executors,null,AVAILABLE,@Spark}
2025-11-04 16:29:34.940 ContextHandler: INFO: Started o.s.j.s.ServletContextHandler@47f2e02c{/executors/json,null,AVAILABLE,@Spark}
2025-11-04 16:29:34.941 ContextHandler: INFO: Started o.s.j.s.ServletContextHandler@3dab254a{/executors/threadDump,null,AVAILABLE,@Spark}
2025-11-04 16:29:34.941 ContextHandler: INFO: Started o.s.j.s.ServletContextHandler@6c62657b{/executors/threadDump/json,null,AVAILABLE,@Spark}
2025-11-04 16:29:34.941 ContextHandler: INFO: Started o.s.j.s.ServletContextHandler@7fbcc229{/executors/heapHistogram,null,AVAILABLE,@Spark}
2025-11-04 16:29:34.942 ContextHandler: INFO: Started o.s.j.s.ServletContextHandler@347592d6{/executors/heapHistogram/json,null,AVAILABLE,@Spark}
2025-11-04 16:29:34.945 ContextHandler: INFO: Started o.s.j.s.ServletContextHandler@7fe10001{/static,null,AVAILABLE,@Spark}
2025-11-04 16:29:34.946 ContextHandler: INFO: Started o.s.j.s.ServletContextHandler@169eb08a{/,null,AVAILABLE,@Spark}
2025-11-04 16:29:34.946 ContextHandler: INFO: Started o.s.j.s.ServletContextHandler@d0dbab{/api,null,AVAILABLE,@Spark}
2025-11-04 16:29:34.947 ContextHandler: INFO: Started o.s.j.s.ServletContextHandler@1af9add7{/jobs/job/kill,null,AVAILABLE,@Spark}
2025-11-04 16:29:34.947 ContextHandler: INFO: Started o.s.j.s.ServletContextHandler@59fc9d23{/stages/stage/kill,null,AVAILABLE,@Spark}
2025-11-04 16:29:34.950 ContextHandler: INFO: Started o.s.j.s.ServletContextHandler@638c7689{/metrics/json,null,AVAILABLE,@Spark}
2025-11-04 16:29:34.953 Hail: INFO: SparkUI: http://pimenta:4041
2025-11-04 16:29:34.956 Hail: WARN: Hail is tested against Java 11, found 17.0.16
2025-11-04 16:29:35.039 Hail: INFO: Running Hail version 0.2.136-c32f88309ab0
2025-11-04 16:29:35.076 SparkContext: WARN: Using an existing SparkContext; some configuration may not take effect.
2025-11-04 16:31:14.630 SparkContext: INFO: Invoking stop() from shutdown hook
2025-11-04 16:31:14.630 SparkContext: INFO: SparkContext is stopping with exitCode 0.
2025-11-04 16:31:14.635 AbstractConnector: INFO: Stopped Spark@6afee0bc{HTTP/1.1, (http/1.1)}{0.0.0.0:4041}
2025-11-04 16:31:14.640 SparkUI: INFO: Stopped Spark web UI at http://pimenta:4041
2025-11-04 16:31:14.652 MapOutputTrackerMasterEndpoint: INFO: MapOutputTrackerMasterEndpoint stopped!
2025-11-04 16:31:14.661 MemoryStore: INFO: MemoryStore cleared
2025-11-04 16:31:14.662 BlockManager: INFO: BlockManager stopped
2025-11-04 16:31:14.666 BlockManagerMaster: INFO: BlockManagerMaster stopped
2025-11-04 16:31:14.668 OutputCommitCoordinator$OutputCommitCoordinatorEndpoint: INFO: OutputCommitCoordinator stopped!
2025-11-04 16:31:14.673 SparkContext: INFO: Successfully stopped SparkContext
