2025-11-04 16:41:34.480 Hail: WARN: This Hail JAR was compiled for Spark 3.5.0, running with Spark 3.5.7.
  Compatibility is not guaranteed.
2025-11-04 16:41:34.484 SparkContext: INFO: Running Spark version 3.5.7
2025-11-04 16:41:34.484 SparkContext: INFO: OS info Linux, 6.16.3-76061603-generic, amd64
2025-11-04 16:41:34.484 SparkContext: INFO: Java version 17.0.16
2025-11-04 16:41:34.499 ResourceUtils: INFO: ==============================================================
2025-11-04 16:41:34.499 ResourceUtils: INFO: No custom resources configured for spark.driver.
2025-11-04 16:41:34.499 ResourceUtils: INFO: ==============================================================
2025-11-04 16:41:34.499 SparkContext: INFO: Submitted application: Hail
2025-11-04 16:41:34.501 SparkContext: INFO: Spark configuration:
spark.app.name=Hail
spark.app.startTime=1762285294483
spark.app.submitTime=1762285294368
spark.driver.extraClassPath=/home/matheus/.pyenv/versions/3.12.0/lib/python3.12/site-packages/hail/backend/hail-all-spark.jar
spark.driver.extraJavaOptions=-Djava.net.preferIPv6Addresses=false -XX:+IgnoreUnrecognizedVMOptions --add-opens=java.base/java.lang=ALL-UNNAMED --add-opens=java.base/java.lang.invoke=ALL-UNNAMED --add-opens=java.base/java.lang.reflect=ALL-UNNAMED --add-opens=java.base/java.io=ALL-UNNAMED --add-opens=java.base/java.net=ALL-UNNAMED --add-opens=java.base/java.nio=ALL-UNNAMED --add-opens=java.base/java.util=ALL-UNNAMED --add-opens=java.base/java.util.concurrent=ALL-UNNAMED --add-opens=java.base/java.util.concurrent.atomic=ALL-UNNAMED --add-opens=java.base/jdk.internal.ref=ALL-UNNAMED --add-opens=java.base/sun.nio.ch=ALL-UNNAMED --add-opens=java.base/sun.nio.cs=ALL-UNNAMED --add-opens=java.base/sun.security.action=ALL-UNNAMED --add-opens=java.base/sun.util.calendar=ALL-UNNAMED --add-opens=java.security.jgss/sun.security.krb5=ALL-UNNAMED -Djdk.reflect.useDirectMethodHandle=false
spark.driver.maxResultSize=0
spark.executor.extraClassPath=./hail-all-spark.jar
spark.executor.extraJavaOptions=-Djava.net.preferIPv6Addresses=false -XX:+IgnoreUnrecognizedVMOptions --add-opens=java.base/java.lang=ALL-UNNAMED --add-opens=java.base/java.lang.invoke=ALL-UNNAMED --add-opens=java.base/java.lang.reflect=ALL-UNNAMED --add-opens=java.base/java.io=ALL-UNNAMED --add-opens=java.base/java.net=ALL-UNNAMED --add-opens=java.base/java.nio=ALL-UNNAMED --add-opens=java.base/java.util=ALL-UNNAMED --add-opens=java.base/java.util.concurrent=ALL-UNNAMED --add-opens=java.base/java.util.concurrent.atomic=ALL-UNNAMED --add-opens=java.base/jdk.internal.ref=ALL-UNNAMED --add-opens=java.base/sun.nio.ch=ALL-UNNAMED --add-opens=java.base/sun.nio.cs=ALL-UNNAMED --add-opens=java.base/sun.security.action=ALL-UNNAMED --add-opens=java.base/sun.util.calendar=ALL-UNNAMED --add-opens=java.security.jgss/sun.security.krb5=ALL-UNNAMED -Djdk.reflect.useDirectMethodHandle=false
spark.hadoop.io.compression.codecs=org.apache.hadoop.io.compress.DefaultCodec,is.hail.io.compress.BGzipCodec,is.hail.io.compress.BGzipCodecTbi,org.apache.hadoop.io.compress.GzipCodec
spark.hadoop.mapreduce.input.fileinputformat.split.minsize=0
spark.jars=file:///home/matheus/.pyenv/versions/3.12.0/lib/python3.12/site-packages/hail/backend/hail-all-spark.jar
spark.kryo.registrator=is.hail.kryo.HailKryoRegistrator
spark.kryoserializer.buffer.max=1g
spark.logConf=true
spark.master=local[*]
spark.repl.local.jars=file:///home/matheus/.pyenv/versions/3.12.0/lib/python3.12/site-packages/hail/backend/hail-all-spark.jar
spark.serializer=org.apache.spark.serializer.KryoSerializer
spark.submit.deployMode=client
spark.submit.pyFiles=
spark.ui.showConsoleProgress=false
2025-11-04 16:41:34.512 ResourceProfile: INFO: Default ResourceProfile created, executor resources: Map(cores -> name: cores, amount: 1, script: , vendor: , memory -> name: memory, amount: 1024, script: , vendor: , offHeap -> name: offHeap, amount: 0, script: , vendor: ), task resources: Map(cpus -> name: cpus, amount: 1.0)
2025-11-04 16:41:34.517 ResourceProfile: INFO: Limiting resource is cpu
2025-11-04 16:41:34.517 ResourceProfileManager: INFO: Added ResourceProfile id: 0
2025-11-04 16:41:34.545 SecurityManager: INFO: Changing view acls to: matheus
2025-11-04 16:41:34.546 SecurityManager: INFO: Changing modify acls to: matheus
2025-11-04 16:41:34.546 SecurityManager: INFO: Changing view acls groups to: 
2025-11-04 16:41:34.546 SecurityManager: INFO: Changing modify acls groups to: 
2025-11-04 16:41:34.546 SecurityManager: INFO: SecurityManager: authentication disabled; ui acls disabled; users with view permissions: matheus; groups with view permissions: EMPTY; users with modify permissions: matheus; groups with modify permissions: EMPTY
2025-11-04 16:41:34.668 Utils: INFO: Successfully started service 'sparkDriver' on port 40213.
2025-11-04 16:41:34.683 SparkEnv: INFO: Registering MapOutputTracker
2025-11-04 16:41:34.701 SparkEnv: INFO: Registering BlockManagerMaster
2025-11-04 16:41:34.711 BlockManagerMasterEndpoint: INFO: Using org.apache.spark.storage.DefaultTopologyMapper for getting topology information
2025-11-04 16:41:34.711 BlockManagerMasterEndpoint: INFO: BlockManagerMasterEndpoint up
2025-11-04 16:41:34.713 SparkEnv: INFO: Registering BlockManagerMasterHeartbeat
2025-11-04 16:41:34.724 DiskBlockManager: INFO: Created local directory at /tmp/blockmgr-02db8652-45b5-468d-bb6a-1acb0fa146ba
2025-11-04 16:41:34.731 MemoryStore: INFO: MemoryStore started with capacity 434.4 MiB
2025-11-04 16:41:34.738 SparkEnv: INFO: Registering OutputCommitCoordinator
2025-11-04 16:41:34.758 log: INFO: Logging initialized @1400ms to org.sparkproject.jetty.util.log.Slf4jLog
2025-11-04 16:41:34.803 JettyUtils: INFO: Start Jetty 0.0.0.0:4040 for SparkUI
2025-11-04 16:41:34.808 Server: INFO: jetty-9.4.58.v20250814; built: 2025-08-14T02:28:49.637Z; git: 8f1440587e9e4ae7db3d74cf205643f3d707148d; jvm 17.0.16+8-Ubuntu-0ubuntu122.04.1
2025-11-04 16:41:34.816 Server: INFO: Started @1458ms
2025-11-04 16:41:34.828 Utils: WARN: Service 'SparkUI' could not bind on port 4040. Attempting port 4041.
2025-11-04 16:41:34.832 AbstractConnector: INFO: Started ServerConnector@28994fe6{HTTP/1.1, (http/1.1)}{0.0.0.0:4041}
2025-11-04 16:41:34.832 Utils: INFO: Successfully started service 'SparkUI' on port 4041.
2025-11-04 16:41:34.841 ContextHandler: INFO: Started o.s.j.s.ServletContextHandler@6a1d2b1a{/,null,AVAILABLE,@Spark}
2025-11-04 16:41:34.851 SparkContext: INFO: Added JAR file:///home/matheus/.pyenv/versions/3.12.0/lib/python3.12/site-packages/hail/backend/hail-all-spark.jar at spark://pimenta:40213/jars/hail-all-spark.jar with timestamp 1762285294483
2025-11-04 16:41:34.893 Executor: INFO: Starting executor ID driver on host pimenta
2025-11-04 16:41:34.894 Executor: INFO: OS info Linux, 6.16.3-76061603-generic, amd64
2025-11-04 16:41:34.894 Executor: INFO: Java version 17.0.16
2025-11-04 16:41:34.897 Executor: INFO: Starting executor with user classpath (userClassPathFirst = false): 'file:/home/matheus/Documents/gnomeAD-tb/./hail-all-spark.jar,file:/home/matheus/Documents/gnomeAD-tb/hail-all-spark.jar'
2025-11-04 16:41:34.897 Executor: INFO: Created or updated repl class loader org.apache.spark.util.MutableURLClassLoader@512fc75 for default.
2025-11-04 16:41:34.908 Utils: INFO: Successfully started service 'org.apache.spark.network.netty.NettyBlockTransferService' on port 41115.
2025-11-04 16:41:34.908 NettyBlockTransferService: INFO: Server created on pimenta:41115
2025-11-04 16:41:34.909 BlockManager: INFO: Using org.apache.spark.storage.RandomBlockReplicationPolicy for block replication policy
2025-11-04 16:41:34.912 BlockManagerMaster: INFO: Registering BlockManager BlockManagerId(driver, pimenta, 41115, None)
2025-11-04 16:41:34.914 BlockManagerMasterEndpoint: INFO: Registering block manager pimenta:41115 with 434.4 MiB RAM, BlockManagerId(driver, pimenta, 41115, None)
2025-11-04 16:41:34.915 BlockManagerMaster: INFO: Registered BlockManager BlockManagerId(driver, pimenta, 41115, None)
2025-11-04 16:41:34.916 BlockManager: INFO: Initialized BlockManager: BlockManagerId(driver, pimenta, 41115, None)
2025-11-04 16:41:34.985 ContextHandler: INFO: Stopped o.s.j.s.ServletContextHandler@6a1d2b1a{/,null,STOPPED,@Spark}
2025-11-04 16:41:34.986 ContextHandler: INFO: Started o.s.j.s.ServletContextHandler@5106b4da{/jobs,null,AVAILABLE,@Spark}
2025-11-04 16:41:34.987 ContextHandler: INFO: Started o.s.j.s.ServletContextHandler@34b39511{/jobs/json,null,AVAILABLE,@Spark}
2025-11-04 16:41:34.987 ContextHandler: INFO: Started o.s.j.s.ServletContextHandler@242e4225{/jobs/job,null,AVAILABLE,@Spark}
2025-11-04 16:41:34.988 ContextHandler: INFO: Started o.s.j.s.ServletContextHandler@66e0d9e3{/jobs/job/json,null,AVAILABLE,@Spark}
2025-11-04 16:41:34.988 ContextHandler: INFO: Started o.s.j.s.ServletContextHandler@565fb5c9{/stages,null,AVAILABLE,@Spark}
2025-11-04 16:41:34.988 ContextHandler: INFO: Started o.s.j.s.ServletContextHandler@7c5cce89{/stages/json,null,AVAILABLE,@Spark}
2025-11-04 16:41:34.989 ContextHandler: INFO: Started o.s.j.s.ServletContextHandler@435c41b{/stages/stage,null,AVAILABLE,@Spark}
2025-11-04 16:41:34.989 ContextHandler: INFO: Started o.s.j.s.ServletContextHandler@b1d312d{/stages/stage/json,null,AVAILABLE,@Spark}
2025-11-04 16:41:34.990 ContextHandler: INFO: Started o.s.j.s.ServletContextHandler@547c2de{/stages/pool,null,AVAILABLE,@Spark}
2025-11-04 16:41:34.990 ContextHandler: INFO: Started o.s.j.s.ServletContextHandler@4570701b{/stages/pool/json,null,AVAILABLE,@Spark}
2025-11-04 16:41:34.990 ContextHandler: INFO: Started o.s.j.s.ServletContextHandler@177af913{/storage,null,AVAILABLE,@Spark}
2025-11-04 16:41:34.991 ContextHandler: INFO: Started o.s.j.s.ServletContextHandler@43942825{/storage/json,null,AVAILABLE,@Spark}
2025-11-04 16:41:34.991 ContextHandler: INFO: Started o.s.j.s.ServletContextHandler@2b25f245{/storage/rdd,null,AVAILABLE,@Spark}
2025-11-04 16:41:34.992 ContextHandler: INFO: Started o.s.j.s.ServletContextHandler@5fa76664{/storage/rdd/json,null,AVAILABLE,@Spark}
2025-11-04 16:41:34.992 ContextHandler: INFO: Started o.s.j.s.ServletContextHandler@973e0be{/environment,null,AVAILABLE,@Spark}
2025-11-04 16:41:34.993 ContextHandler: INFO: Started o.s.j.s.ServletContextHandler@558c3e52{/environment/json,null,AVAILABLE,@Spark}
2025-11-04 16:41:34.993 ContextHandler: INFO: Started o.s.j.s.ServletContextHandler@4ac1b914{/executors,null,AVAILABLE,@Spark}
2025-11-04 16:41:34.993 ContextHandler: INFO: Started o.s.j.s.ServletContextHandler@28f3cfea{/executors/json,null,AVAILABLE,@Spark}
2025-11-04 16:41:34.994 ContextHandler: INFO: Started o.s.j.s.ServletContextHandler@3def71a7{/executors/threadDump,null,AVAILABLE,@Spark}
2025-11-04 16:41:34.994 ContextHandler: INFO: Started o.s.j.s.ServletContextHandler@5fdcb1c6{/executors/threadDump/json,null,AVAILABLE,@Spark}
2025-11-04 16:41:34.995 ContextHandler: INFO: Started o.s.j.s.ServletContextHandler@68df5cec{/executors/heapHistogram,null,AVAILABLE,@Spark}
2025-11-04 16:41:34.995 ContextHandler: INFO: Started o.s.j.s.ServletContextHandler@e71c9eb{/executors/heapHistogram/json,null,AVAILABLE,@Spark}
2025-11-04 16:41:34.998 ContextHandler: INFO: Started o.s.j.s.ServletContextHandler@69c3a4df{/static,null,AVAILABLE,@Spark}
2025-11-04 16:41:34.999 ContextHandler: INFO: Started o.s.j.s.ServletContextHandler@79705c0b{/,null,AVAILABLE,@Spark}
2025-11-04 16:41:35.000 ContextHandler: INFO: Started o.s.j.s.ServletContextHandler@11a6fa94{/api,null,AVAILABLE,@Spark}
2025-11-04 16:41:35.000 ContextHandler: INFO: Started o.s.j.s.ServletContextHandler@184e4be0{/jobs/job/kill,null,AVAILABLE,@Spark}
2025-11-04 16:41:35.001 ContextHandler: INFO: Started o.s.j.s.ServletContextHandler@56dcb6e4{/stages/stage/kill,null,AVAILABLE,@Spark}
2025-11-04 16:41:35.003 ContextHandler: INFO: Started o.s.j.s.ServletContextHandler@426d1fa{/metrics/json,null,AVAILABLE,@Spark}
2025-11-04 16:41:35.006 Hail: INFO: SparkUI: http://pimenta:4041
2025-11-04 16:41:35.009 Hail: WARN: Hail is tested against Java 11, found 17.0.16
2025-11-04 16:41:35.092 Hail: INFO: Running Hail version 0.2.136-c32f88309ab0
2025-11-04 16:41:35.139 SparkContext: WARN: Using an existing SparkContext; some configuration may not take effect.
2025-11-04 16:41:39.064 SparkContext: INFO: Invoking stop() from shutdown hook
2025-11-04 16:41:39.064 SparkContext: INFO: SparkContext is stopping with exitCode 0.
2025-11-04 16:41:39.069 AbstractConnector: INFO: Stopped Spark@28994fe6{HTTP/1.1, (http/1.1)}{0.0.0.0:4041}
2025-11-04 16:41:39.073 SparkUI: INFO: Stopped Spark web UI at http://pimenta:4041
2025-11-04 16:41:39.080 MapOutputTrackerMasterEndpoint: INFO: MapOutputTrackerMasterEndpoint stopped!
2025-11-04 16:41:39.087 MemoryStore: INFO: MemoryStore cleared
2025-11-04 16:41:39.088 BlockManager: INFO: BlockManager stopped
2025-11-04 16:41:39.091 BlockManagerMaster: INFO: BlockManagerMaster stopped
2025-11-04 16:41:39.094 OutputCommitCoordinator$OutputCommitCoordinatorEndpoint: INFO: OutputCommitCoordinator stopped!
2025-11-04 16:41:39.099 SparkContext: INFO: Successfully stopped SparkContext
