2025-11-04 14:33:54.969 Hail: WARN: This Hail JAR was compiled for Spark 3.5.0, running with Spark 3.5.7.
  Compatibility is not guaranteed.
2025-11-04 14:33:54.975 SparkContext: INFO: Running Spark version 3.5.7
2025-11-04 14:33:54.976 SparkContext: INFO: OS info Linux, 6.16.3-76061603-generic, amd64
2025-11-04 14:33:54.976 SparkContext: INFO: Java version 17.0.16
2025-11-04 14:33:54.996 ResourceUtils: INFO: ==============================================================
2025-11-04 14:33:54.996 ResourceUtils: INFO: No custom resources configured for spark.driver.
2025-11-04 14:33:54.997 ResourceUtils: INFO: ==============================================================
2025-11-04 14:33:54.997 SparkContext: INFO: Submitted application: Hail
2025-11-04 14:33:55.000 SparkContext: INFO: Spark configuration:
spark.app.name=Hail
spark.app.startTime=1762277634975
spark.app.submitTime=1762277634827
spark.driver.extraClassPath=/home/matheus/.pyenv/versions/3.12.0/lib/python3.12/site-packages/hail/backend/hail-all-spark.jar
spark.driver.extraJavaOptions=-Djava.net.preferIPv6Addresses=false -XX:+IgnoreUnrecognizedVMOptions --add-opens=java.base/java.lang=ALL-UNNAMED --add-opens=java.base/java.lang.invoke=ALL-UNNAMED --add-opens=java.base/java.lang.reflect=ALL-UNNAMED --add-opens=java.base/java.io=ALL-UNNAMED --add-opens=java.base/java.net=ALL-UNNAMED --add-opens=java.base/java.nio=ALL-UNNAMED --add-opens=java.base/java.util=ALL-UNNAMED --add-opens=java.base/java.util.concurrent=ALL-UNNAMED --add-opens=java.base/java.util.concurrent.atomic=ALL-UNNAMED --add-opens=java.base/jdk.internal.ref=ALL-UNNAMED --add-opens=java.base/sun.nio.ch=ALL-UNNAMED --add-opens=java.base/sun.nio.cs=ALL-UNNAMED --add-opens=java.base/sun.security.action=ALL-UNNAMED --add-opens=java.base/sun.util.calendar=ALL-UNNAMED --add-opens=java.security.jgss/sun.security.krb5=ALL-UNNAMED -Djdk.reflect.useDirectMethodHandle=false
spark.driver.maxResultSize=0
spark.executor.extraClassPath=./hail-all-spark.jar
spark.executor.extraJavaOptions=-Djava.net.preferIPv6Addresses=false -XX:+IgnoreUnrecognizedVMOptions --add-opens=java.base/java.lang=ALL-UNNAMED --add-opens=java.base/java.lang.invoke=ALL-UNNAMED --add-opens=java.base/java.lang.reflect=ALL-UNNAMED --add-opens=java.base/java.io=ALL-UNNAMED --add-opens=java.base/java.net=ALL-UNNAMED --add-opens=java.base/java.nio=ALL-UNNAMED --add-opens=java.base/java.util=ALL-UNNAMED --add-opens=java.base/java.util.concurrent=ALL-UNNAMED --add-opens=java.base/java.util.concurrent.atomic=ALL-UNNAMED --add-opens=java.base/jdk.internal.ref=ALL-UNNAMED --add-opens=java.base/sun.nio.ch=ALL-UNNAMED --add-opens=java.base/sun.nio.cs=ALL-UNNAMED --add-opens=java.base/sun.security.action=ALL-UNNAMED --add-opens=java.base/sun.util.calendar=ALL-UNNAMED --add-opens=java.security.jgss/sun.security.krb5=ALL-UNNAMED -Djdk.reflect.useDirectMethodHandle=false
spark.hadoop.io.compression.codecs=org.apache.hadoop.io.compress.DefaultCodec,is.hail.io.compress.BGzipCodec,is.hail.io.compress.BGzipCodecTbi,org.apache.hadoop.io.compress.GzipCodec
spark.hadoop.mapreduce.input.fileinputformat.split.minsize=0
spark.jars=file:///home/matheus/.pyenv/versions/3.12.0/lib/python3.12/site-packages/hail/backend/hail-all-spark.jar
spark.kryo.registrator=is.hail.kryo.HailKryoRegistrator
spark.kryoserializer.buffer.max=1g
spark.logConf=true
spark.master=local[*]
spark.repl.local.jars=file:///home/matheus/.pyenv/versions/3.12.0/lib/python3.12/site-packages/hail/backend/hail-all-spark.jar
spark.serializer=org.apache.spark.serializer.KryoSerializer
spark.submit.deployMode=client
spark.submit.pyFiles=
spark.ui.showConsoleProgress=false
2025-11-04 14:33:55.018 ResourceProfile: INFO: Default ResourceProfile created, executor resources: Map(cores -> name: cores, amount: 1, script: , vendor: , memory -> name: memory, amount: 1024, script: , vendor: , offHeap -> name: offHeap, amount: 0, script: , vendor: ), task resources: Map(cpus -> name: cpus, amount: 1.0)
2025-11-04 14:33:55.026 ResourceProfile: INFO: Limiting resource is cpu
2025-11-04 14:33:55.026 ResourceProfileManager: INFO: Added ResourceProfile id: 0
2025-11-04 14:33:55.055 SecurityManager: INFO: Changing view acls to: matheus
2025-11-04 14:33:55.055 SecurityManager: INFO: Changing modify acls to: matheus
2025-11-04 14:33:55.056 SecurityManager: INFO: Changing view acls groups to: 
2025-11-04 14:33:55.056 SecurityManager: INFO: Changing modify acls groups to: 
2025-11-04 14:33:55.056 SecurityManager: INFO: SecurityManager: authentication disabled; ui acls disabled; users with view permissions: matheus; groups with view permissions: EMPTY; users with modify permissions: matheus; groups with modify permissions: EMPTY
2025-11-04 14:33:55.176 Utils: INFO: Successfully started service 'sparkDriver' on port 33819.
2025-11-04 14:33:55.197 SparkEnv: INFO: Registering MapOutputTracker
2025-11-04 14:33:55.222 SparkEnv: INFO: Registering BlockManagerMaster
2025-11-04 14:33:55.230 BlockManagerMasterEndpoint: INFO: Using org.apache.spark.storage.DefaultTopologyMapper for getting topology information
2025-11-04 14:33:55.231 BlockManagerMasterEndpoint: INFO: BlockManagerMasterEndpoint up
2025-11-04 14:33:55.233 SparkEnv: INFO: Registering BlockManagerMasterHeartbeat
2025-11-04 14:33:55.243 DiskBlockManager: INFO: Created local directory at /tmp/blockmgr-5fa148e6-b0f4-4758-a2cf-2e50c22d7d3b
2025-11-04 14:33:55.250 MemoryStore: INFO: MemoryStore started with capacity 434.4 MiB
2025-11-04 14:33:55.259 SparkEnv: INFO: Registering OutputCommitCoordinator
2025-11-04 14:33:55.283 log: INFO: Logging initialized @1556ms to org.sparkproject.jetty.util.log.Slf4jLog
2025-11-04 14:33:55.325 JettyUtils: INFO: Start Jetty 0.0.0.0:4040 for SparkUI
2025-11-04 14:33:55.330 Server: INFO: jetty-9.4.58.v20250814; built: 2025-08-14T02:28:49.637Z; git: 8f1440587e9e4ae7db3d74cf205643f3d707148d; jvm 17.0.16+8-Ubuntu-0ubuntu122.04.1
2025-11-04 14:33:55.339 Server: INFO: Started @1612ms
2025-11-04 14:33:55.353 AbstractConnector: INFO: Started ServerConnector@3246baa9{HTTP/1.1, (http/1.1)}{0.0.0.0:4040}
2025-11-04 14:33:55.353 Utils: INFO: Successfully started service 'SparkUI' on port 4040.
2025-11-04 14:33:55.363 ContextHandler: INFO: Started o.s.j.s.ServletContextHandler@949076{/,null,AVAILABLE,@Spark}
2025-11-04 14:33:55.371 SparkContext: INFO: Added JAR file:///home/matheus/.pyenv/versions/3.12.0/lib/python3.12/site-packages/hail/backend/hail-all-spark.jar at spark://pimenta:33819/jars/hail-all-spark.jar with timestamp 1762277634975
2025-11-04 14:33:55.400 Executor: INFO: Starting executor ID driver on host pimenta
2025-11-04 14:33:55.400 Executor: INFO: OS info Linux, 6.16.3-76061603-generic, amd64
2025-11-04 14:33:55.400 Executor: INFO: Java version 17.0.16
2025-11-04 14:33:55.403 Executor: INFO: Starting executor with user classpath (userClassPathFirst = false): 'file:/home/matheus/Documents/gnomeAD-tb/./hail-all-spark.jar,file:/home/matheus/Documents/gnomeAD-tb/hail-all-spark.jar'
2025-11-04 14:33:55.403 Executor: INFO: Created or updated repl class loader org.apache.spark.util.MutableURLClassLoader@7c4d5669 for default.
2025-11-04 14:33:55.419 Utils: INFO: Successfully started service 'org.apache.spark.network.netty.NettyBlockTransferService' on port 43387.
2025-11-04 14:33:55.419 NettyBlockTransferService: INFO: Server created on pimenta:43387
2025-11-04 14:33:55.420 BlockManager: INFO: Using org.apache.spark.storage.RandomBlockReplicationPolicy for block replication policy
2025-11-04 14:33:55.424 BlockManagerMaster: INFO: Registering BlockManager BlockManagerId(driver, pimenta, 43387, None)
2025-11-04 14:33:55.426 BlockManagerMasterEndpoint: INFO: Registering block manager pimenta:43387 with 434.4 MiB RAM, BlockManagerId(driver, pimenta, 43387, None)
2025-11-04 14:33:55.428 BlockManagerMaster: INFO: Registered BlockManager BlockManagerId(driver, pimenta, 43387, None)
2025-11-04 14:33:55.428 BlockManager: INFO: Initialized BlockManager: BlockManagerId(driver, pimenta, 43387, None)
2025-11-04 14:33:55.503 ContextHandler: INFO: Stopped o.s.j.s.ServletContextHandler@949076{/,null,STOPPED,@Spark}
2025-11-04 14:33:55.504 ContextHandler: INFO: Started o.s.j.s.ServletContextHandler@8cfdddf{/jobs,null,AVAILABLE,@Spark}
2025-11-04 14:33:55.505 ContextHandler: INFO: Started o.s.j.s.ServletContextHandler@3e46c910{/jobs/json,null,AVAILABLE,@Spark}
2025-11-04 14:33:55.505 ContextHandler: INFO: Started o.s.j.s.ServletContextHandler@369d7ba{/jobs/job,null,AVAILABLE,@Spark}
2025-11-04 14:33:55.506 ContextHandler: INFO: Started o.s.j.s.ServletContextHandler@4d7e1849{/jobs/job/json,null,AVAILABLE,@Spark}
2025-11-04 14:33:55.506 ContextHandler: INFO: Started o.s.j.s.ServletContextHandler@77f34779{/stages,null,AVAILABLE,@Spark}
2025-11-04 14:33:55.507 ContextHandler: INFO: Started o.s.j.s.ServletContextHandler@70778fd{/stages/json,null,AVAILABLE,@Spark}
2025-11-04 14:33:55.507 ContextHandler: INFO: Started o.s.j.s.ServletContextHandler@71e76571{/stages/stage,null,AVAILABLE,@Spark}
2025-11-04 14:33:55.508 ContextHandler: INFO: Started o.s.j.s.ServletContextHandler@2f4c0f34{/stages/stage/json,null,AVAILABLE,@Spark}
2025-11-04 14:33:55.508 ContextHandler: INFO: Started o.s.j.s.ServletContextHandler@4b7112c9{/stages/pool,null,AVAILABLE,@Spark}
2025-11-04 14:33:55.508 ContextHandler: INFO: Started o.s.j.s.ServletContextHandler@3eebce35{/stages/pool/json,null,AVAILABLE,@Spark}
2025-11-04 14:33:55.509 ContextHandler: INFO: Started o.s.j.s.ServletContextHandler@459be32c{/storage,null,AVAILABLE,@Spark}
2025-11-04 14:33:55.509 ContextHandler: INFO: Started o.s.j.s.ServletContextHandler@5e5f7fbe{/storage/json,null,AVAILABLE,@Spark}
2025-11-04 14:33:55.510 ContextHandler: INFO: Started o.s.j.s.ServletContextHandler@387733f1{/storage/rdd,null,AVAILABLE,@Spark}
2025-11-04 14:33:55.510 ContextHandler: INFO: Started o.s.j.s.ServletContextHandler@f6654f7{/storage/rdd/json,null,AVAILABLE,@Spark}
2025-11-04 14:33:55.510 ContextHandler: INFO: Started o.s.j.s.ServletContextHandler@550b7df0{/environment,null,AVAILABLE,@Spark}
2025-11-04 14:33:55.511 ContextHandler: INFO: Started o.s.j.s.ServletContextHandler@49537de9{/environment/json,null,AVAILABLE,@Spark}
2025-11-04 14:33:55.511 ContextHandler: INFO: Started o.s.j.s.ServletContextHandler@2bf3bf6{/executors,null,AVAILABLE,@Spark}
2025-11-04 14:33:55.512 ContextHandler: INFO: Started o.s.j.s.ServletContextHandler@5e030971{/executors/json,null,AVAILABLE,@Spark}
2025-11-04 14:33:55.512 ContextHandler: INFO: Started o.s.j.s.ServletContextHandler@f3937b{/executors/threadDump,null,AVAILABLE,@Spark}
2025-11-04 14:33:55.513 ContextHandler: INFO: Started o.s.j.s.ServletContextHandler@2679b32a{/executors/threadDump/json,null,AVAILABLE,@Spark}
2025-11-04 14:33:55.513 ContextHandler: INFO: Started o.s.j.s.ServletContextHandler@266ebd3{/executors/heapHistogram,null,AVAILABLE,@Spark}
2025-11-04 14:33:55.513 ContextHandler: INFO: Started o.s.j.s.ServletContextHandler@32f764eb{/executors/heapHistogram/json,null,AVAILABLE,@Spark}
2025-11-04 14:33:55.517 ContextHandler: INFO: Started o.s.j.s.ServletContextHandler@fb936a1{/static,null,AVAILABLE,@Spark}
2025-11-04 14:33:55.517 ContextHandler: INFO: Started o.s.j.s.ServletContextHandler@1057befd{/,null,AVAILABLE,@Spark}
2025-11-04 14:33:55.518 ContextHandler: INFO: Started o.s.j.s.ServletContextHandler@565f4269{/api,null,AVAILABLE,@Spark}
2025-11-04 14:33:55.519 ContextHandler: INFO: Started o.s.j.s.ServletContextHandler@558e9738{/jobs/job/kill,null,AVAILABLE,@Spark}
2025-11-04 14:33:55.519 ContextHandler: INFO: Started o.s.j.s.ServletContextHandler@188974a7{/stages/stage/kill,null,AVAILABLE,@Spark}
2025-11-04 14:33:55.521 ContextHandler: INFO: Started o.s.j.s.ServletContextHandler@6693efb8{/metrics/json,null,AVAILABLE,@Spark}
2025-11-04 14:33:55.525 Hail: INFO: SparkUI: http://pimenta:4040
2025-11-04 14:33:55.528 Hail: WARN: Hail is tested against Java 11, found 17.0.16
2025-11-04 14:33:55.632 Hail: INFO: Running Hail version 0.2.136-c32f88309ab0
2025-11-04 14:33:55.669 SparkContext: WARN: Using an existing SparkContext; some configuration may not take effect.
2025-11-04 14:33:57.361 SparkContext: INFO: Invoking stop() from shutdown hook
2025-11-04 14:33:57.361 SparkContext: INFO: SparkContext is stopping with exitCode 0.
2025-11-04 14:33:57.367 AbstractConnector: INFO: Stopped Spark@3246baa9{HTTP/1.1, (http/1.1)}{0.0.0.0:4040}
2025-11-04 14:33:57.369 SparkUI: INFO: Stopped Spark web UI at http://pimenta:4040
2025-11-04 14:33:57.377 MapOutputTrackerMasterEndpoint: INFO: MapOutputTrackerMasterEndpoint stopped!
2025-11-04 14:33:57.385 MemoryStore: INFO: MemoryStore cleared
2025-11-04 14:33:57.386 BlockManager: INFO: BlockManager stopped
2025-11-04 14:33:57.392 BlockManagerMaster: INFO: BlockManagerMaster stopped
2025-11-04 14:33:57.395 OutputCommitCoordinator$OutputCommitCoordinatorEndpoint: INFO: OutputCommitCoordinator stopped!
2025-11-04 14:33:57.403 SparkContext: INFO: Successfully stopped SparkContext
